<?xml version="1.0" encoding="UTF-8"?>
<testsuite xmlns:xsi="http://www.w3.org/2001/XMLSchema-instance" xsi:noNamespaceSchemaLocation="https://maven.apache.org/surefire/maven-surefire-plugin/xsd/surefire-test-report.xsd" name="runners.SmokeRunner" time="4.535" tests="2" errors="0" skipped="0" failures="0">
  <properties>
[...]
</properties>
  <testcase name="Verify user can login with valid credentials" classname="Login functionality #1" time="0.25"/>
  <testcase name="Verify user can login with invalid login and with valid password" classname="Login functionality #1" time="0.031"/>
</testsuite>